<?xml version="1.0" encoding="UTF-8"?>
<!-- Generated by org.testng.reporters.JUnitReportReporter -->
<testsuite hostname="ASHOK" failures="0" tests="1" name="driverFactory.AppTest" time="2.662" errors="0" timestamp="2025-08-20T21:00:32 IST" skipped="0">
  <testcase classname="driverFactory.AppTest" name="startTest" time="2.662"/>
</testsuite> <!-- driverFactory.AppTest -->
